<?xml version="1.0" encoding="UTF-8"?>
<testsuites name="Framework_testsuite" time="707.394" tests="4" failures="0" errors="0">
   <testsuite name="Record_mobile" tests="1" failures="0" errors="0" time="464.854" skipped="0" timestamp="2022-09-01 12:41:14" hostname="upadh - 192.168.1.38" id="Test Suites/Mobile_testsuite/Record_mobile">
      <properties>
         <property name="deviceName" value="emulator-5554 (Android SDK built for x86 - Android 11)"/>
         <property name="devicePlatform" value=""/>
         <property name="logFolder" value="C:\\Users\\upadh\\Katalon Studio\\Katalonframework\\Reports\\20220901_123951\\Mobile_testsuite\\Record_mobile\\20220901_124024"/>
         <property name="logFiles" value="C:\\Users\\upadh\\Katalon Studio\\Katalonframework\\Reports\\20220901_123951\\Mobile_testsuite\\Record_mobile\\20220901_124024\\appium.log, C:\\Users\\upadh\\Katalon Studio\\Katalonframework\\Reports\\20220901_123951\\Mobile_testsuite\\Record_mobile\\20220901_124024\\execution0.log"/>
         <property name="attachments" value=""/>
         <property name="hostName" value="upadh - 192.168.1.38"/>
         <property name="os" value="Windows 10 64bit"/>
         <property name="appiumServerStatus" value="{&quot;value&quot;:{&quot;build&quot;:{&quot;version&quot;:&quot;1.22.3&quot;}},&quot;sessionId&quot;:null,&quot;status&quot;:0}"/>
         <property name="katalonVersion" value="8.4.1.208"/>
         <property name="deviceOS" value="Android"/>
         <property name="appiumVersion" value="1.22.3"/>
         <property name="deviceModel" value="Android SDK built for x86"/>
         <property name="hostAddress" value="192.168.1.38"/>
         <property name="deviceManufacturer" value="unknown"/>
         <property name="deviceId" value="emulator-5554"/>
         <property name="deviceName" value="emulator-5554 (Android SDK built for x86 - Android 11)"/>
         <property name="deviceOSVersion" value="11"/>
      </properties>
      <testcase name="Test Cases/Demo_recordmobile/Recordmobile_testcase" time="459.542" classname="Test Cases/Demo_recordmobile/Recordmobile_testcase" status="PASSED">
         <system-out><![CDATA[2022-09-01 12:41:20 - [TEST_CASE][PASSED] - Test Cases/Demo_recordmobile/Recordmobile_testcase: Test Cases/Demo_recordmobile/Recordmobile_testcase

2022-09-01 12:41:35 - [TEST_STEP][PASSED] - startApplication(Url, true): Started app at: 'C:\Users\upadh\Katalon Studio\Katalonframework\Application\eribank.apk'

2022-09-01 12:41:41 - [MESSAGE][INFO] - Detected NodeJS location: "C:\Program Files\nodejs\node.exe"

2022-09-01 12:41:54 - [MESSAGE][INFO] - Appium server started on port 58,354

2022-09-01 12:46:19 - [MESSAGE][PASSED] - Started app at: 'C:\Users\upadh\Katalon Studio\Katalonframework\Application\eribank.apk'

2022-09-01 12:46:20 - [TEST_STEP][PASSED] - setText(findTestObject("Object Repository/Demo_recordmobile/android.widget.EditText - Username"), Username, 0): Text 'company' has been set to element 'Object Repository/Demo_recordmobile/android.widget.EditText - Username'

2022-09-01 12:46:24 - [MESSAGE][WARNING] - Timeout '0' is invalid. Using default page load timeout: '30'

2022-09-01 12:46:37 - [MESSAGE][PASSED] - Text 'company' has been set to element 'Object Repository/Demo_recordmobile/android.widget.EditText - Username'

2022-09-01 12:46:37 - [TEST_STEP][PASSED] - setText(findTestObject("Object Repository/Demo_recordmobile/android.widget.EditText - Password"), Password, 0): Text 'company' has been set to element 'Object Repository/Demo_recordmobile/android.widget.EditText - Password'

2022-09-01 12:46:40 - [MESSAGE][WARNING] - Timeout '0' is invalid. Using default page load timeout: '30'

2022-09-01 12:46:41 - [MESSAGE][PASSED] - Text 'company' has been set to element 'Object Repository/Demo_recordmobile/android.widget.EditText - Password'

2022-09-01 12:46:41 - [TEST_STEP][PASSED] - tap(findTestObject("Object Repository/Demo_recordmobile/android.widget.Button - Login"), 0): Tapped on element 'Object Repository/Demo_recordmobile/android.widget.Button - Login'

2022-09-01 12:46:42 - [MESSAGE][WARNING] - Timeout '0' is invalid. Using default page load timeout: '30'

2022-09-01 12:46:43 - [MESSAGE][PASSED] - Tapped on element 'Object Repository/Demo_recordmobile/android.widget.Button - Login'

2022-09-01 12:46:43 - [TEST_STEP][PASSED] - tap(findTestObject("Object Repository/Demo_recordmobile/android.widget.Button - Make Payment"), 0): Tapped on element 'Object Repository/Demo_recordmobile/android.widget.Button - Make Payment'

2022-09-01 12:46:44 - [MESSAGE][WARNING] - Timeout '0' is invalid. Using default page load timeout: '30'

2022-09-01 12:47:11 - [MESSAGE][PASSED] - Tapped on element 'Object Repository/Demo_recordmobile/android.widget.Button - Make Payment'

2022-09-01 12:47:11 - [TEST_STEP][PASSED] - setText(findTestObject("Object Repository/Demo_recordmobile/android.widget.EditText - Phone"), Phonenumber, 0): Text '9891684390' has been set to element 'Object Repository/Demo_recordmobile/android.widget.EditText - Phone'

2022-09-01 12:47:15 - [MESSAGE][WARNING] - Timeout '0' is invalid. Using default page load timeout: '30'

2022-09-01 12:47:18 - [MESSAGE][PASSED] - Text '9891684390' has been set to element 'Object Repository/Demo_recordmobile/android.widget.EditText - Phone'

2022-09-01 12:47:18 - [TEST_STEP][PASSED] - setText(findTestObject("Object Repository/Demo_recordmobile/android.widget.EditText - Name"), Name, 0): Text 'Jai' has been set to element 'Object Repository/Demo_recordmobile/android.widget.EditText - Name'

2022-09-01 12:47:22 - [MESSAGE][WARNING] - Timeout '0' is invalid. Using default page load timeout: '30'

2022-09-01 12:47:28 - [MESSAGE][PASSED] - Text 'Jai' has been set to element 'Object Repository/Demo_recordmobile/android.widget.EditText - Name'

2022-09-01 12:47:28 - [TEST_STEP][PASSED] - setText(findTestObject("Object Repository/Demo_recordmobile/android.widget.EditText - Amount"), Amount, 0): Text '6800' has been set to element 'Object Repository/Demo_recordmobile/android.widget.EditText - Amount'

2022-09-01 12:47:32 - [MESSAGE][WARNING] - Timeout '0' is invalid. Using default page load timeout: '30'

2022-09-01 12:47:41 - [MESSAGE][PASSED] - Text '6800' has been set to element 'Object Repository/Demo_recordmobile/android.widget.EditText - Amount'

2022-09-01 12:47:41 - [TEST_STEP][PASSED] - tap(findTestObject("Object Repository/Demo_recordmobile/android.widget.Button - Select"), 0): Tapped on element 'Object Repository/Demo_recordmobile/android.widget.Button - Select'

2022-09-01 12:47:46 - [MESSAGE][WARNING] - Timeout '0' is invalid. Using default page load timeout: '30'

2022-09-01 12:48:05 - [MESSAGE][PASSED] - Tapped on element 'Object Repository/Demo_recordmobile/android.widget.Button - Select'

2022-09-01 12:48:05 - [TEST_STEP][PASSED] - tap(findTestObject("Object Repository/Demo_recordmobile/android.widget.TextView - India"), 0): Tapped on element 'Object Repository/Demo_recordmobile/android.widget.TextView - India'

2022-09-01 12:48:10 - [MESSAGE][WARNING] - Timeout '0' is invalid. Using default page load timeout: '30'

2022-09-01 12:48:15 - [MESSAGE][PASSED] - Tapped on element 'Object Repository/Demo_recordmobile/android.widget.TextView - India'

2022-09-01 12:48:16 - [TEST_STEP][PASSED] - tap(findTestObject("Object Repository/Demo_recordmobile/android.widget.Button - Send Payment"), 0): Tapped on element 'Object Repository/Demo_recordmobile/android.widget.Button - Send Payment'

2022-09-01 12:48:20 - [MESSAGE][WARNING] - Timeout '0' is invalid. Using default page load timeout: '30'

2022-09-01 12:48:23 - [MESSAGE][PASSED] - Tapped on element 'Object Repository/Demo_recordmobile/android.widget.Button - Send Payment'

2022-09-01 12:48:23 - [TEST_STEP][PASSED] - tap(findTestObject("Object Repository/Demo_recordmobile/android.widget.Button - Yes"), 0): Tapped on element 'Object Repository/Demo_recordmobile/android.widget.Button - Yes'

2022-09-01 12:48:26 - [MESSAGE][WARNING] - Timeout '0' is invalid. Using default page load timeout: '30'

2022-09-01 12:48:27 - [MESSAGE][PASSED] - Tapped on element 'Object Repository/Demo_recordmobile/android.widget.Button - Yes'

2022-09-01 12:48:27 - [TEST_STEP][PASSED] - tap(findTestObject("Object Repository/Demo_recordmobile/android.widget.Button - Logout"), 0): Tapped on element 'Object Repository/Demo_recordmobile/android.widget.Button - Logout'

2022-09-01 12:48:30 - [MESSAGE][WARNING] - Timeout '0' is invalid. Using default page load timeout: '30'

2022-09-01 12:48:32 - [MESSAGE][PASSED] - Tapped on element 'Object Repository/Demo_recordmobile/android.widget.Button - Logout'

2022-09-01 12:48:32 - [TEST_STEP][PASSED] - closeApplication(): Close app successfully

2022-09-01 12:48:59 - [MESSAGE][PASSED] - Close app successfully]]></system-out>
         <system-err><![CDATA[]]></system-err>
      </testcase>
      <system-out><![CDATA[2022-09-01 12:41:14 - [TEST_SUITE][PASSED] - Record_mobile: Test Cases/Demo_recordmobile/Recordmobile_testcase]]></system-out>
      <system-err><![CDATA[]]></system-err>
   </testsuite>
   <testsuite name="Record_desktop" tests="1" failures="0" errors="0" time="680.879" skipped="0" timestamp="2022-09-01 12:41:45" hostname="upadh - 192.168.1.38" id="Test Suites/Desktop_testsuite/Record_desktop">
      <properties>
         <property name="deviceName" value=""/>
         <property name="devicePlatform" value=""/>
         <property name="logFolder" value="C:\\Users\\upadh\\Katalon Studio\\Katalonframework\\Reports\\20220901_123951\\Desktop_testsuite\\Record_desktop\\20220901_124038"/>
         <property name="logFiles" value="C:\\Users\\upadh\\Katalon Studio\\Katalonframework\\Reports\\20220901_123951\\Desktop_testsuite\\Record_desktop\\20220901_124038\\execution0.log"/>
         <property name="attachments" value=""/>
         <property name="hostName" value="upadh - 192.168.1.38"/>
         <property name="hostAddress" value="192.168.1.38"/>
         <property name="desiredCapabilities" value="{}"/>
         <property name="os" value="Windows 10 64bit"/>
         <property name="katalonVersion" value="8.4.1.208"/>
      </properties>
      <testcase name="Test Cases/Demo_recorddesktop/Record_testcase" time="497.557" classname="Test Cases/Demo_recorddesktop/Record_testcase" status="PASSED">
         <system-out><![CDATA[2022-09-01 12:44:48 - [TEST_CASE][PASSED] - Test Cases/Demo_recorddesktop/Record_testcase: Test Cases/Demo_recorddesktop/Record_testcase

2022-09-01 12:44:49 - [TEST_STEP][PASSED] - startApplicationWithTitle(Url, "Orders - Untitled"): The application at location: C:\Users\upadh\Katalon Studio\Katalonframework\Application\Orders.exe started.

2022-09-01 12:44:49 - [MESSAGE][INFO] - Starting application C:\Users\upadh\Katalon Studio\Katalonframework\Application\Orders.exe on the local machine at address http://127.0.0.1:4723

2022-09-01 12:45:22 - [MESSAGE][PASSED] - The application at location: C:\Users\upadh\Katalon Studio\Katalonframework\Application\Orders.exe started.

2022-09-01 12:45:22 - [TEST_STEP][PASSED] - click(findWindowsObject("Object Repository/Demo_recorddesktop/Button")): Click on element: Object Repository/Demo_recorddesktop/Button succesfully

2022-09-01 12:45:59 - [MESSAGE][INFO] - Clicking on element: Object Repository/Demo_recorddesktop/Button

2022-09-01 12:46:06 - [MESSAGE][PASSED] - Click on element: Object Repository/Demo_recorddesktop/Button succesfully

2022-09-01 12:46:07 - [TEST_STEP][PASSED] - click(findWindowsObject("Object Repository/Demo_recorddesktop/Edit")): Click on element: Object Repository/Demo_recorddesktop/Edit succesfully

2022-09-01 12:46:30 - [MESSAGE][INFO] - Clicking on element: Object Repository/Demo_recorddesktop/Edit

2022-09-01 12:46:32 - [MESSAGE][PASSED] - Click on element: Object Repository/Demo_recorddesktop/Edit succesfully

2022-09-01 12:46:32 - [TEST_STEP][PASSED] - setText(findWindowsObject("Object Repository/Demo_recorddesktop/Edit"), Customername): Text JAI is set

2022-09-01 12:47:47 - [MESSAGE][PASSED] - Text JAI is set

2022-09-01 12:47:47 - [TEST_STEP][PASSED] - click(findWindowsObject("Object Repository/Demo_recorddesktop/Edit(1)")): Click on element: Object Repository/Demo_recorddesktop/Edit(1) succesfully

2022-09-01 12:48:25 - [MESSAGE][INFO] - Clicking on element: Object Repository/Demo_recorddesktop/Edit(1)

2022-09-01 12:48:26 - [MESSAGE][PASSED] - Click on element: Object Repository/Demo_recorddesktop/Edit(1) succesfully

2022-09-01 12:48:27 - [TEST_STEP][PASSED] - setText(findWindowsObject("Object Repository/Demo_recorddesktop/Edit(1)"), street): Text HUDA is set

2022-09-01 12:49:17 - [MESSAGE][PASSED] - Text HUDA is set

2022-09-01 12:49:17 - [TEST_STEP][PASSED] - click(findWindowsObject("Object Repository/Demo_recorddesktop/Edit(2)")): Click on element: Object Repository/Demo_recorddesktop/Edit(2) succesfully

2022-09-01 12:49:48 - [MESSAGE][INFO] - Clicking on element: Object Repository/Demo_recorddesktop/Edit(2)

2022-09-01 12:49:54 - [MESSAGE][PASSED] - Click on element: Object Repository/Demo_recorddesktop/Edit(2) succesfully

2022-09-01 12:49:56 - [TEST_STEP][PASSED] - setText(findWindowsObject("Object Repository/Demo_recorddesktop/Edit(2)"), city): Text FARIDABAD is set

2022-09-01 12:50:37 - [MESSAGE][PASSED] - Text FARIDABAD is set

2022-09-01 12:50:37 - [TEST_STEP][PASSED] - click(findWindowsObject("Object Repository/Demo_recorddesktop/Edit(3)")): Click on element: Object Repository/Demo_recorddesktop/Edit(3) succesfully

2022-09-01 12:50:49 - [MESSAGE][INFO] - Clicking on element: Object Repository/Demo_recorddesktop/Edit(3)

2022-09-01 12:50:50 - [MESSAGE][PASSED] - Click on element: Object Repository/Demo_recorddesktop/Edit(3) succesfully

2022-09-01 12:50:51 - [TEST_STEP][PASSED] - setText(findWindowsObject("Object Repository/Demo_recorddesktop/Edit(3)"), state): Text HARYANA is set

2022-09-01 12:51:27 - [MESSAGE][PASSED] - Text HARYANA is set

2022-09-01 12:51:28 - [TEST_STEP][PASSED] - click(findWindowsObject("Object Repository/Demo_recorddesktop/Edit(4)")): Click on element: Object Repository/Demo_recorddesktop/Edit(4) succesfully

2022-09-01 12:51:37 - [MESSAGE][INFO] - Clicking on element: Object Repository/Demo_recorddesktop/Edit(4)

2022-09-01 12:51:39 - [MESSAGE][PASSED] - Click on element: Object Repository/Demo_recorddesktop/Edit(4) succesfully

2022-09-01 12:51:39 - [TEST_STEP][PASSED] - setText(findWindowsObject("Object Repository/Demo_recorddesktop/Edit(4)"), zip): Text 121004 is set

2022-09-01 12:52:10 - [MESSAGE][PASSED] - Text 121004 is set

2022-09-01 12:52:10 - [TEST_STEP][PASSED] - click(findWindowsObject("Object Repository/Demo_recorddesktop/RadioButton")): Click on element: Object Repository/Demo_recorddesktop/RadioButton succesfully

2022-09-01 12:52:15 - [MESSAGE][INFO] - Clicking on element: Object Repository/Demo_recorddesktop/RadioButton

2022-09-01 12:52:15 - [MESSAGE][PASSED] - Click on element: Object Repository/Demo_recorddesktop/RadioButton succesfully

2022-09-01 12:52:15 - [TEST_STEP][PASSED] - click(findWindowsObject("Object Repository/Demo_recorddesktop/Edit(5)")): Click on element: Object Repository/Demo_recorddesktop/Edit(5) succesfully

2022-09-01 12:52:19 - [MESSAGE][INFO] - Clicking on element: Object Repository/Demo_recorddesktop/Edit(5)

2022-09-01 12:52:20 - [MESSAGE][PASSED] - Click on element: Object Repository/Demo_recorddesktop/Edit(5) succesfully

2022-09-01 12:52:20 - [TEST_STEP][PASSED] - setText(findWindowsObject("Object Repository/Demo_recorddesktop/Edit(5)"), cardnumber): Text 123456789 is set

2022-09-01 12:52:36 - [MESSAGE][PASSED] - Text 123456789 is set

2022-09-01 12:52:36 - [TEST_STEP][PASSED] - click(findWindowsObject("Object Repository/Demo_recorddesktop/Pane")): Click on element: Object Repository/Demo_recorddesktop/Pane succesfully

2022-09-01 12:52:42 - [MESSAGE][INFO] - Clicking on element: Object Repository/Demo_recorddesktop/Pane

2022-09-01 12:52:42 - [MESSAGE][PASSED] - Click on element: Object Repository/Demo_recorddesktop/Pane succesfully

2022-09-01 12:52:42 - [TEST_STEP][PASSED] - setText(findWindowsObject("Object Repository/Demo_recorddesktop/Pane"), expirationdate): Text 04/06/2014 is set

2022-09-01 12:52:55 - [MESSAGE][PASSED] - Text 04/06/2014 is set

2022-09-01 12:52:55 - [TEST_STEP][PASSED] - click(findWindowsObject("Object Repository/Demo_recorddesktop/Button(1)")): Click on element: Object Repository/Demo_recorddesktop/Button(1) succesfully

2022-09-01 12:53:00 - [MESSAGE][INFO] - Clicking on element: Object Repository/Demo_recorddesktop/Button(1)

2022-09-01 12:53:00 - [MESSAGE][PASSED] - Click on element: Object Repository/Demo_recorddesktop/Button(1) succesfully

2022-09-01 12:53:00 - [TEST_STEP][PASSED] - closeApplication(): Fire Close event sucessfully.

2022-09-01 12:53:06 - [MESSAGE][PASSED] - Fire Close event sucessfully.]]></system-out>
         <system-err><![CDATA[]]></system-err>
      </testcase>
      <system-out><![CDATA[2022-09-01 12:41:45 - [TEST_SUITE][FAILED] - Record_desktop: Test Cases/Demo_recorddesktop/Record_testcase FAILED.
Reason:
com.kms.katalon.core.exception.StepFailedException: Expected condition failed: waiting for com.kms.katalon.core.windows.keyword.helper.WindowsActionHelper$1@6ceb7b5e (tried for 30 second(s) with 50 milliseconds interval) (Root cause: org.openqa.selenium.TimeoutException: Expected condition failed: waiting for com.kms.katalon.core.windows.keyword.helper.WindowsActionHelper$1@6ceb7b5e (tried for 30 second(s) with 50 milliseconds interval)
	at org.openqa.selenium.support.ui.FluentWait.timeoutException(FluentWait.java:304)
	at org.openqa.selenium.support.ui.FluentWait.until(FluentWait.java:272)
	at com.kms.katalon.core.windows.keyword.helper.WindowsActionHelper.findElement(WindowsActionHelper.java:120)
	at com.kms.katalon.core.windows.keyword.helper.WindowsActionHelper.findElement(WindowsActionHelper.java:77)
	at com.kms.katalon.core.windows.keyword.helper.WindowsActionHelper.findElement(WindowsActionHelper.java:69)
	at com.kms.katalon.core.windows.keyword.helper.WindowsActionHelper.click(WindowsActionHelper.java:248)
	at com.kms.katalon.core.windows.keyword.helper.WindowsActionHelper$click$0.call(Unknown Source)
	at com.kms.katalon.core.windows.keyword.builtin.ClickKeyword$_click_closure1.doCall(ClickKeyword.groovy:43)
	at com.kms.katalon.core.windows.keyword.builtin.ClickKeyword$_click_closure1.doCall(ClickKeyword.groovy)
	at com.kms.katalon.core.keyword.internal.KeywordMain.runKeyword(KeywordMain.groovy:89)
	at com.kms.katalon.core.keyword.internal.KeywordMain$runKeyword.call(Unknown Source)
	at com.kms.katalon.core.windows.keyword.builtin.ClickKeyword.click(ClickKeyword.groovy:37)
	at com.kms.katalon.core.windows.keyword.builtin.ClickKeyword$click.callCurrent(Unknown Source)
	at com.kms.katalon.core.windows.keyword.builtin.ClickKeyword.execute(ClickKeyword.groovy:33)
	at com.kms.katalon.core.keyword.internal.KeywordExecutor.executeKeywordForPlatform(KeywordExecutor.groovy:74)
	at com.kms.katalon.core.windows.keyword.WindowsBuiltinKeywords.click(WindowsBuiltinKeywords.java:72)
	at com.kms.katalon.core.windows.keyword.WindowsBuiltinKeywords$click$0.call(Unknown Source)
	at Record_testcase.run(Record_testcase:24)
	at com.kms.katalon.core.main.ScriptEngine.run(ScriptEngine.java:194)
	at com.kms.katalon.core.main.ScriptEngine.runScriptAsRawText(ScriptEngine.java:119)
	at com.kms.katalon.core.main.TestCaseExecutor.runScript(TestCaseExecutor.java:448)
	at com.kms.katalon.core.main.TestCaseExecutor.doExecute(TestCaseExecutor.java:439)
	at com.kms.katalon.core.main.TestCaseExecutor.processExecutionPhase(TestCaseExecutor.java:418)
	at com.kms.katalon.core.main.TestCaseExecutor.accessMainPhase(TestCaseExecutor.java:410)
	at com.kms.katalon.core.main.TestCaseExecutor.execute(TestCaseExecutor.java:285)
	at com.kms.katalon.core.common.CommonExecutor.accessTestCaseMainPhase(CommonExecutor.java:65)
	at com.kms.katalon.core.main.TestSuiteExecutor.accessTestSuiteMainPhase(TestSuiteExecutor.java:144)
	at com.kms.katalon.core.main.TestSuiteExecutor.execute(TestSuiteExecutor.java:106)
	at com.kms.katalon.core.main.TestCaseMain.startTestSuite(TestCaseMain.java:185)
	at com.kms.katalon.core.main.TestCaseMain$startTestSuite$0.call(Unknown Source)
	at TempTestSuite1662016238361.run(TempTestSuite1662016238361.groovy:36)
Caused by: org.openqa.selenium.NoSuchElementException: An element could not be located on the page using the given search parameters. (WARNING: The server did not provide any stacktrace information)
Command duration or timeout: 0 milliseconds
For documentation on this error, please visit: https://www.seleniumhq.org/exceptions/no_such_element.html
Build info: version: '3.141.59', revision: 'e82be7d358', time: '2018-11-14T08:25:53'
System info: host: 'DESKTOP-N8QU086', ip: '192.168.1.38', os.name: 'Windows 10', os.arch: 'amd64', os.version: '10.0', java.version: '1.8.0_282'
Driver info: io.appium.java_client.windows.WindowsDriver
Capabilities {app: C:\Users\upadh\Katalon Stud..., javascriptEnabled: true, platform: WINDOWS, platformName: WINDOWS}
Session ID: D1C75969-E5CB-495C-A7F8-9956B222769F
*** Element info: {Using=xpath, value=/Window/Window[1]/Group[1]/Edit[1]}
	at org.openqa.selenium.remote.ErrorHandler.createThrowable(ErrorHandler.java:214)
	at org.openqa.selenium.remote.ErrorHandler.throwIfResponseFailed(ErrorHandler.java:166)
	at org.openqa.selenium.remote.http.JsonHttpResponseCodec.reconstructValue(JsonHttpResponseCodec.java:40)
	at org.openqa.selenium.remote.http.AbstractHttpResponseCodec.decode(AbstractHttpResponseCodec.java:80)
	at org.openqa.selenium.remote.http.AbstractHttpResponseCodec.decode(AbstractHttpResponseCodec.java:44)
	at org.openqa.selenium.remote.HttpCommandExecutor.execute(HttpCommandExecutor.java:158)
	at io.appium.java_client.remote.AppiumCommandExecutor.execute(AppiumCommandExecutor.java:239)
	at org.openqa.selenium.remote.RemoteWebDriver.execute(RemoteWebDriver.java:552)
	at io.appium.java_client.DefaultGenericMobileDriver.execute(DefaultGenericMobileDriver.java:42)
	at io.appium.java_client.AppiumDriver.execute(AppiumDriver.java:1)
	at io.appium.java_client.windows.WindowsDriver.execute(WindowsDriver.java:1)
	at org.openqa.selenium.remote.RemoteWebDriver.findElement(RemoteWebDriver.java:323)
	at io.appium.java_client.DefaultGenericMobileDriver.findElement(DefaultGenericMobileDriver.java:62)
	at io.appium.java_client.AppiumDriver.findElement(AppiumDriver.java:1)
	at io.appium.java_client.windows.WindowsDriver.findElement(WindowsDriver.java:1)
	at org.openqa.selenium.remote.RemoteWebDriver.findElementByXPath(RemoteWebDriver.java:428)
	at io.appium.java_client.DefaultGenericMobileDriver.findElementByXPath(DefaultGenericMobileDriver.java:152)
	at io.appium.java_client.AppiumDriver.findElementByXPath(AppiumDriver.java:1)
	at io.appium.java_client.windows.WindowsDriver.findElementByXPath(WindowsDriver.java:1)
	at com.kms.katalon.core.windows.keyword.helper.WindowsActionHelper$1.apply(WindowsActionHelper.java:136)
	at com.kms.katalon.core.windows.keyword.helper.WindowsActionHelper$1.apply(WindowsActionHelper.java:1)
	at org.openqa.selenium.support.ui.FluentWait.until(FluentWait.java:249)
	at com.kms.katalon.core.windows.keyword.helper.WindowsActionHelper.findElement(WindowsActionHelper.java:120)
	at com.kms.katalon.core.windows.keyword.helper.WindowsActionHelper.findElement(WindowsActionHelper.java:77)
	at com.kms.katalon.core.windows.keyword.helper.WindowsActionHelper.findElement(WindowsActionHelper.java:69)
	at com.kms.katalon.core.windows.keyword.helper.WindowsActionHelper.click(WindowsActionHelper.java:248)
	at com.kms.katalon.core.windows.keyword.helper.WindowsActionHelper$click$0.call(Unknown Source)
	at com.kms.katalon.core.windows.keyword.builtin.ClickKeyword$_click_closure1.doCall(ClickKeyword.groovy:43)
	at com.kms.katalon.core.windows.keyword.builtin.ClickKeyword$_click_closure1.doCall(ClickKeyword.groovy)
	at com.kms.katalon.core.keyword.internal.KeywordMain.runKeyword(KeywordMain.groovy:89)
	at com.kms.katalon.core.keyword.internal.KeywordMain$runKeyword.call(Unknown Source)
	at com.kms.katalon.core.windows.keyword.builtin.ClickKeyword.click(ClickKeyword.groovy:37)
	at com.kms.katalon.core.windows.keyword.builtin.ClickKeyword$click.callCurrent(Unknown Source)
	at com.kms.katalon.core.windows.keyword.builtin.ClickKeyword.execute(ClickKeyword.groovy:33)
	at com.kms.katalon.core.keyword.internal.KeywordExecutor.executeKeywordForPlatform(KeywordExecutor.groovy:74)
	at com.kms.katalon.core.windows.keyword.WindowsBuiltinKeywords.click(WindowsBuiltinKeywords.java:72)
	at com.kms.katalon.core.windows.keyword.WindowsBuiltinKeywords$click$0.call(Unknown Source)
	at Script1661661225342.run(Script1661661225342.groovy:24)
	... 13 more
)
	at com.kms.katalon.core.keyword.internal.KeywordMain.stepFailed(KeywordMain.groovy:50)
	at com.kms.katalon.core.keyword.internal.KeywordMain.stepFailed(KeywordMain.groovy)
	at com.kms.katalon.core.keyword.internal.KeywordMain.runKeyword(KeywordMain.groovy:91)
	at com.kms.katalon.core.keyword.internal.KeywordMain$runKeyword.call(Unknown Source)
	at com.kms.katalon.core.windows.keyword.builtin.ClickKeyword.click(ClickKeyword.groovy:37)
	at com.kms.katalon.core.windows.keyword.builtin.ClickKeyword$click.callCurrent(Unknown Source)
	at com.kms.katalon.core.windows.keyword.builtin.ClickKeyword.execute(ClickKeyword.groovy:33)
	at com.kms.katalon.core.keyword.internal.KeywordExecutor.executeKeywordForPlatform(KeywordExecutor.groovy:74)
	at com.kms.katalon.core.windows.keyword.WindowsBuiltinKeywords.click(WindowsBuiltinKeywords.java:72)
	at com.kms.katalon.core.windows.keyword.WindowsBuiltinKeywords$click$0.call(Unknown Source)
	at Record_testcase.run(Record_testcase:24)
	at com.kms.katalon.core.main.ScriptEngine.run(ScriptEngine.java:194)
	at com.kms.katalon.core.main.ScriptEngine.runScriptAsRawText(ScriptEngine.java:119)
	at com.kms.katalon.core.main.TestCaseExecutor.runScript(TestCaseExecutor.java:448)
	at com.kms.katalon.core.main.TestCaseExecutor.doExecute(TestCaseExecutor.java:439)
	at com.kms.katalon.core.main.TestCaseExecutor.processExecutionPhase(TestCaseExecutor.java:418)
	at com.kms.katalon.core.main.TestCaseExecutor.accessMainPhase(TestCaseExecutor.java:410)
	at com.kms.katalon.core.main.TestCaseExecutor.execute(TestCaseExecutor.java:285)
	at com.kms.katalon.core.common.CommonExecutor.accessTestCaseMainPhase(CommonExecutor.java:65)
	at com.kms.katalon.core.main.TestSuiteExecutor.accessTestSuiteMainPhase(TestSuiteExecutor.java:144)
	at com.kms.katalon.core.main.TestSuiteExecutor.execute(TestSuiteExecutor.java:106)
	at com.kms.katalon.core.main.TestCaseMain.startTestSuite(TestCaseMain.java:185)
	at com.kms.katalon.core.main.TestCaseMain$startTestSuite$0.call(Unknown Source)
	at TempTestSuite1662016238361.run(TempTestSuite1662016238361.groovy:36)
Caused by: org.openqa.selenium.TimeoutException: Expected condition failed: waiting for com.kms.katalon.core.windows.keyword.helper.WindowsActionHelper$1@6ceb7b5e (tried for 30 second(s) with 50 milliseconds interval)
	at org.openqa.selenium.support.ui.FluentWait.timeoutException(FluentWait.java:304)
	at org.openqa.selenium.support.ui.FluentWait.until(FluentWait.java:272)
	at com.kms.katalon.core.windows.keyword.helper.WindowsActionHelper.findElement(WindowsActionHelper.java:120)
	at com.kms.katalon.core.windows.keyword.helper.WindowsActionHelper.findElement(WindowsActionHelper.java:77)
	at com.kms.katalon.core.windows.keyword.helper.WindowsActionHelper.findElement(WindowsActionHelper.java:69)
	at com.kms.katalon.core.windows.keyword.helper.WindowsActionHelper.click(WindowsActionHelper.java:248)
	at com.kms.katalon.core.windows.keyword.helper.WindowsActionHelper$click$0.call(Unknown Source)
	at com.kms.katalon.core.windows.keyword.builtin.ClickKeyword$_click_closure1.doCall(ClickKeyword.groovy:43)
	at com.kms.katalon.core.windows.keyword.builtin.ClickKeyword$_click_closure1.doCall(ClickKeyword.groovy)
	at com.kms.katalon.core.keyword.internal.KeywordMain.runKeyword(KeywordMain.groovy:89)
	... 21 more
Caused by: org.openqa.selenium.NoSuchElementException: An element could not be located on the page using the given search parameters. (WARNING: The server did not provide any stacktrace information)
Command duration or timeout: 0 milliseconds
For documentation on this error, please visit: https://www.seleniumhq.org/exceptions/no_such_element.html
Build info: version: '3.141.59', revision: 'e82be7d358', time: '2018-11-14T08:25:53'
System info: host: 'DESKTOP-N8QU086', ip: '192.168.1.38', os.name: 'Windows 10', os.arch: 'amd64', os.version: '10.0', java.version: '1.8.0_282'
Driver info: io.appium.java_client.windows.WindowsDriver
Capabilities {app: C:\Users\upadh\Katalon Stud..., javascriptEnabled: true, platform: WINDOWS, platformName: WINDOWS}
Session ID: D1C75969-E5CB-495C-A7F8-9956B222769F
*** Element info: {Using=xpath, value=/Window/Window[1]/Group[1]/Edit[1]}
	at org.openqa.selenium.remote.ErrorHandler.createThrowable(ErrorHandler.java:214)
	at org.openqa.selenium.remote.ErrorHandler.throwIfResponseFailed(ErrorHandler.java:166)
	at org.openqa.selenium.remote.http.JsonHttpResponseCodec.reconstructValue(JsonHttpResponseCodec.java:40)
	at org.openqa.selenium.remote.http.AbstractHttpResponseCodec.decode(AbstractHttpResponseCodec.java:80)
	at org.openqa.selenium.remote.http.AbstractHttpResponseCodec.decode(AbstractHttpResponseCodec.java:44)
	at org.openqa.selenium.remote.HttpCommandExecutor.execute(HttpCommandExecutor.java:158)
	at io.appium.java_client.remote.AppiumCommandExecutor.execute(AppiumCommandExecutor.java:239)
	at org.openqa.selenium.remote.RemoteWebDriver.execute(RemoteWebDriver.java:552)
	at io.appium.java_client.DefaultGenericMobileDriver.execute(DefaultGenericMobileDriver.java:42)
	at io.appium.java_client.AppiumDriver.execute(AppiumDriver.java:1)
	at io.appium.java_client.windows.WindowsDriver.execute(WindowsDriver.java:1)
	at org.openqa.selenium.remote.RemoteWebDriver.findElement(RemoteWebDriver.java:323)
	at io.appium.java_client.DefaultGenericMobileDriver.findElement(DefaultGenericMobileDriver.java:62)
	at io.appium.java_client.AppiumDriver.findElement(AppiumDriver.java:1)
	at io.appium.java_client.windows.WindowsDriver.findElement(WindowsDriver.java:1)
	at org.openqa.selenium.remote.RemoteWebDriver.findElementByXPath(RemoteWebDriver.java:428)
	at io.appium.java_client.DefaultGenericMobileDriver.findElementByXPath(DefaultGenericMobileDriver.java:152)
	at io.appium.java_client.AppiumDriver.findElementByXPath(AppiumDriver.java:1)
	at io.appium.java_client.windows.WindowsDriver.findElementByXPath(WindowsDriver.java:1)
	at com.kms.katalon.core.windows.keyword.helper.WindowsActionHelper$1.apply(WindowsActionHelper.java:136)
	at com.kms.katalon.core.windows.keyword.helper.WindowsActionHelper$1.apply(WindowsActionHelper.java:1)
	at org.openqa.selenium.support.ui.FluentWait.until(FluentWait.java:249)
	... 29 more]]></system-out>
      <system-err><![CDATA[2022-09-01 12:41:45 - [TEST_SUITE][FAILED] - Record_desktop: Test Cases/Demo_recorddesktop/Record_testcase FAILED.
Reason:
com.kms.katalon.core.exception.StepFailedException: Expected condition failed: waiting for com.kms.katalon.core.windows.keyword.helper.WindowsActionHelper$1@6ceb7b5e (tried for 30 second(s) with 50 milliseconds interval) (Root cause: org.openqa.selenium.TimeoutException: Expected condition failed: waiting for com.kms.katalon.core.windows.keyword.helper.WindowsActionHelper$1@6ceb7b5e (tried for 30 second(s) with 50 milliseconds interval)
	at org.openqa.selenium.support.ui.FluentWait.timeoutException(FluentWait.java:304)
	at org.openqa.selenium.support.ui.FluentWait.until(FluentWait.java:272)
	at com.kms.katalon.core.windows.keyword.helper.WindowsActionHelper.findElement(WindowsActionHelper.java:120)
	at com.kms.katalon.core.windows.keyword.helper.WindowsActionHelper.findElement(WindowsActionHelper.java:77)
	at com.kms.katalon.core.windows.keyword.helper.WindowsActionHelper.findElement(WindowsActionHelper.java:69)
	at com.kms.katalon.core.windows.keyword.helper.WindowsActionHelper.click(WindowsActionHelper.java:248)
	at com.kms.katalon.core.windows.keyword.helper.WindowsActionHelper$click$0.call(Unknown Source)
	at com.kms.katalon.core.windows.keyword.builtin.ClickKeyword$_click_closure1.doCall(ClickKeyword.groovy:43)
	at com.kms.katalon.core.windows.keyword.builtin.ClickKeyword$_click_closure1.doCall(ClickKeyword.groovy)
	at com.kms.katalon.core.keyword.internal.KeywordMain.runKeyword(KeywordMain.groovy:89)
	at com.kms.katalon.core.keyword.internal.KeywordMain$runKeyword.call(Unknown Source)
	at com.kms.katalon.core.windows.keyword.builtin.ClickKeyword.click(ClickKeyword.groovy:37)
	at com.kms.katalon.core.windows.keyword.builtin.ClickKeyword$click.callCurrent(Unknown Source)
	at com.kms.katalon.core.windows.keyword.builtin.ClickKeyword.execute(ClickKeyword.groovy:33)
	at com.kms.katalon.core.keyword.internal.KeywordExecutor.executeKeywordForPlatform(KeywordExecutor.groovy:74)
	at com.kms.katalon.core.windows.keyword.WindowsBuiltinKeywords.click(WindowsBuiltinKeywords.java:72)
	at com.kms.katalon.core.windows.keyword.WindowsBuiltinKeywords$click$0.call(Unknown Source)
	at Record_testcase.run(Record_testcase:24)
	at com.kms.katalon.core.main.ScriptEngine.run(ScriptEngine.java:194)
	at com.kms.katalon.core.main.ScriptEngine.runScriptAsRawText(ScriptEngine.java:119)
	at com.kms.katalon.core.main.TestCaseExecutor.runScript(TestCaseExecutor.java:448)
	at com.kms.katalon.core.main.TestCaseExecutor.doExecute(TestCaseExecutor.java:439)
	at com.kms.katalon.core.main.TestCaseExecutor.processExecutionPhase(TestCaseExecutor.java:418)
	at com.kms.katalon.core.main.TestCaseExecutor.accessMainPhase(TestCaseExecutor.java:410)
	at com.kms.katalon.core.main.TestCaseExecutor.execute(TestCaseExecutor.java:285)
	at com.kms.katalon.core.common.CommonExecutor.accessTestCaseMainPhase(CommonExecutor.java:65)
	at com.kms.katalon.core.main.TestSuiteExecutor.accessTestSuiteMainPhase(TestSuiteExecutor.java:144)
	at com.kms.katalon.core.main.TestSuiteExecutor.execute(TestSuiteExecutor.java:106)
	at com.kms.katalon.core.main.TestCaseMain.startTestSuite(TestCaseMain.java:185)
	at com.kms.katalon.core.main.TestCaseMain$startTestSuite$0.call(Unknown Source)
	at TempTestSuite1662016238361.run(TempTestSuite1662016238361.groovy:36)
Caused by: org.openqa.selenium.NoSuchElementException: An element could not be located on the page using the given search parameters. (WARNING: The server did not provide any stacktrace information)
Command duration or timeout: 0 milliseconds
For documentation on this error, please visit: https://www.seleniumhq.org/exceptions/no_such_element.html
Build info: version: '3.141.59', revision: 'e82be7d358', time: '2018-11-14T08:25:53'
System info: host: 'DESKTOP-N8QU086', ip: '192.168.1.38', os.name: 'Windows 10', os.arch: 'amd64', os.version: '10.0', java.version: '1.8.0_282'
Driver info: io.appium.java_client.windows.WindowsDriver
Capabilities {app: C:\Users\upadh\Katalon Stud..., javascriptEnabled: true, platform: WINDOWS, platformName: WINDOWS}
Session ID: D1C75969-E5CB-495C-A7F8-9956B222769F
*** Element info: {Using=xpath, value=/Window/Window[1]/Group[1]/Edit[1]}
	at org.openqa.selenium.remote.ErrorHandler.createThrowable(ErrorHandler.java:214)
	at org.openqa.selenium.remote.ErrorHandler.throwIfResponseFailed(ErrorHandler.java:166)
	at org.openqa.selenium.remote.http.JsonHttpResponseCodec.reconstructValue(JsonHttpResponseCodec.java:40)
	at org.openqa.selenium.remote.http.AbstractHttpResponseCodec.decode(AbstractHttpResponseCodec.java:80)
	at org.openqa.selenium.remote.http.AbstractHttpResponseCodec.decode(AbstractHttpResponseCodec.java:44)
	at org.openqa.selenium.remote.HttpCommandExecutor.execute(HttpCommandExecutor.java:158)
	at io.appium.java_client.remote.AppiumCommandExecutor.execute(AppiumCommandExecutor.java:239)
	at org.openqa.selenium.remote.RemoteWebDriver.execute(RemoteWebDriver.java:552)
	at io.appium.java_client.DefaultGenericMobileDriver.execute(DefaultGenericMobileDriver.java:42)
	at io.appium.java_client.AppiumDriver.execute(AppiumDriver.java:1)
	at io.appium.java_client.windows.WindowsDriver.execute(WindowsDriver.java:1)
	at org.openqa.selenium.remote.RemoteWebDriver.findElement(RemoteWebDriver.java:323)
	at io.appium.java_client.DefaultGenericMobileDriver.findElement(DefaultGenericMobileDriver.java:62)
	at io.appium.java_client.AppiumDriver.findElement(AppiumDriver.java:1)
	at io.appium.java_client.windows.WindowsDriver.findElement(WindowsDriver.java:1)
	at org.openqa.selenium.remote.RemoteWebDriver.findElementByXPath(RemoteWebDriver.java:428)
	at io.appium.java_client.DefaultGenericMobileDriver.findElementByXPath(DefaultGenericMobileDriver.java:152)
	at io.appium.java_client.AppiumDriver.findElementByXPath(AppiumDriver.java:1)
	at io.appium.java_client.windows.WindowsDriver.findElementByXPath(WindowsDriver.java:1)
	at com.kms.katalon.core.windows.keyword.helper.WindowsActionHelper$1.apply(WindowsActionHelper.java:136)
	at com.kms.katalon.core.windows.keyword.helper.WindowsActionHelper$1.apply(WindowsActionHelper.java:1)
	at org.openqa.selenium.support.ui.FluentWait.until(FluentWait.java:249)
	at com.kms.katalon.core.windows.keyword.helper.WindowsActionHelper.findElement(WindowsActionHelper.java:120)
	at com.kms.katalon.core.windows.keyword.helper.WindowsActionHelper.findElement(WindowsActionHelper.java:77)
	at com.kms.katalon.core.windows.keyword.helper.WindowsActionHelper.findElement(WindowsActionHelper.java:69)
	at com.kms.katalon.core.windows.keyword.helper.WindowsActionHelper.click(WindowsActionHelper.java:248)
	at com.kms.katalon.core.windows.keyword.helper.WindowsActionHelper$click$0.call(Unknown Source)
	at com.kms.katalon.core.windows.keyword.builtin.ClickKeyword$_click_closure1.doCall(ClickKeyword.groovy:43)
	at com.kms.katalon.core.windows.keyword.builtin.ClickKeyword$_click_closure1.doCall(ClickKeyword.groovy)
	at com.kms.katalon.core.keyword.internal.KeywordMain.runKeyword(KeywordMain.groovy:89)
	at com.kms.katalon.core.keyword.internal.KeywordMain$runKeyword.call(Unknown Source)
	at com.kms.katalon.core.windows.keyword.builtin.ClickKeyword.click(ClickKeyword.groovy:37)
	at com.kms.katalon.core.windows.keyword.builtin.ClickKeyword$click.callCurrent(Unknown Source)
	at com.kms.katalon.core.windows.keyword.builtin.ClickKeyword.execute(ClickKeyword.groovy:33)
	at com.kms.katalon.core.keyword.internal.KeywordExecutor.executeKeywordForPlatform(KeywordExecutor.groovy:74)
	at com.kms.katalon.core.windows.keyword.WindowsBuiltinKeywords.click(WindowsBuiltinKeywords.java:72)
	at com.kms.katalon.core.windows.keyword.WindowsBuiltinKeywords$click$0.call(Unknown Source)
	at Script1661661225342.run(Script1661661225342.groovy:24)
	... 13 more
)
	at com.kms.katalon.core.keyword.internal.KeywordMain.stepFailed(KeywordMain.groovy:50)
	at com.kms.katalon.core.keyword.internal.KeywordMain.stepFailed(KeywordMain.groovy)
	at com.kms.katalon.core.keyword.internal.KeywordMain.runKeyword(KeywordMain.groovy:91)
	at com.kms.katalon.core.keyword.internal.KeywordMain$runKeyword.call(Unknown Source)
	at com.kms.katalon.core.windows.keyword.builtin.ClickKeyword.click(ClickKeyword.groovy:37)
	at com.kms.katalon.core.windows.keyword.builtin.ClickKeyword$click.callCurrent(Unknown Source)
	at com.kms.katalon.core.windows.keyword.builtin.ClickKeyword.execute(ClickKeyword.groovy:33)
	at com.kms.katalon.core.keyword.internal.KeywordExecutor.executeKeywordForPlatform(KeywordExecutor.groovy:74)
	at com.kms.katalon.core.windows.keyword.WindowsBuiltinKeywords.click(WindowsBuiltinKeywords.java:72)
	at com.kms.katalon.core.windows.keyword.WindowsBuiltinKeywords$click$0.call(Unknown Source)
	at Record_testcase.run(Record_testcase:24)
	at com.kms.katalon.core.main.ScriptEngine.run(ScriptEngine.java:194)
	at com.kms.katalon.core.main.ScriptEngine.runScriptAsRawText(ScriptEngine.java:119)
	at com.kms.katalon.core.main.TestCaseExecutor.runScript(TestCaseExecutor.java:448)
	at com.kms.katalon.core.main.TestCaseExecutor.doExecute(TestCaseExecutor.java:439)
	at com.kms.katalon.core.main.TestCaseExecutor.processExecutionPhase(TestCaseExecutor.java:418)
	at com.kms.katalon.core.main.TestCaseExecutor.accessMainPhase(TestCaseExecutor.java:410)
	at com.kms.katalon.core.main.TestCaseExecutor.execute(TestCaseExecutor.java:285)
	at com.kms.katalon.core.common.CommonExecutor.accessTestCaseMainPhase(CommonExecutor.java:65)
	at com.kms.katalon.core.main.TestSuiteExecutor.accessTestSuiteMainPhase(TestSuiteExecutor.java:144)
	at com.kms.katalon.core.main.TestSuiteExecutor.execute(TestSuiteExecutor.java:106)
	at com.kms.katalon.core.main.TestCaseMain.startTestSuite(TestCaseMain.java:185)
	at com.kms.katalon.core.main.TestCaseMain$startTestSuite$0.call(Unknown Source)
	at TempTestSuite1662016238361.run(TempTestSuite1662016238361.groovy:36)
Caused by: org.openqa.selenium.TimeoutException: Expected condition failed: waiting for com.kms.katalon.core.windows.keyword.helper.WindowsActionHelper$1@6ceb7b5e (tried for 30 second(s) with 50 milliseconds interval)
	at org.openqa.selenium.support.ui.FluentWait.timeoutException(FluentWait.java:304)
	at org.openqa.selenium.support.ui.FluentWait.until(FluentWait.java:272)
	at com.kms.katalon.core.windows.keyword.helper.WindowsActionHelper.findElement(WindowsActionHelper.java:120)
	at com.kms.katalon.core.windows.keyword.helper.WindowsActionHelper.findElement(WindowsActionHelper.java:77)
	at com.kms.katalon.core.windows.keyword.helper.WindowsActionHelper.findElement(WindowsActionHelper.java:69)
	at com.kms.katalon.core.windows.keyword.helper.WindowsActionHelper.click(WindowsActionHelper.java:248)
	at com.kms.katalon.core.windows.keyword.helper.WindowsActionHelper$click$0.call(Unknown Source)
	at com.kms.katalon.core.windows.keyword.builtin.ClickKeyword$_click_closure1.doCall(ClickKeyword.groovy:43)
	at com.kms.katalon.core.windows.keyword.builtin.ClickKeyword$_click_closure1.doCall(ClickKeyword.groovy)
	at com.kms.katalon.core.keyword.internal.KeywordMain.runKeyword(KeywordMain.groovy:89)
	... 21 more
Caused by: org.openqa.selenium.NoSuchElementException: An element could not be located on the page using the given search parameters. (WARNING: The server did not provide any stacktrace information)
Command duration or timeout: 0 milliseconds
For documentation on this error, please visit: https://www.seleniumhq.org/exceptions/no_such_element.html
Build info: version: '3.141.59', revision: 'e82be7d358', time: '2018-11-14T08:25:53'
System info: host: 'DESKTOP-N8QU086', ip: '192.168.1.38', os.name: 'Windows 10', os.arch: 'amd64', os.version: '10.0', java.version: '1.8.0_282'
Driver info: io.appium.java_client.windows.WindowsDriver
Capabilities {app: C:\Users\upadh\Katalon Stud..., javascriptEnabled: true, platform: WINDOWS, platformName: WINDOWS}
Session ID: D1C75969-E5CB-495C-A7F8-9956B222769F
*** Element info: {Using=xpath, value=/Window/Window[1]/Group[1]/Edit[1]}
	at org.openqa.selenium.remote.ErrorHandler.createThrowable(ErrorHandler.java:214)
	at org.openqa.selenium.remote.ErrorHandler.throwIfResponseFailed(ErrorHandler.java:166)
	at org.openqa.selenium.remote.http.JsonHttpResponseCodec.reconstructValue(JsonHttpResponseCodec.java:40)
	at org.openqa.selenium.remote.http.AbstractHttpResponseCodec.decode(AbstractHttpResponseCodec.java:80)
	at org.openqa.selenium.remote.http.AbstractHttpResponseCodec.decode(AbstractHttpResponseCodec.java:44)
	at org.openqa.selenium.remote.HttpCommandExecutor.execute(HttpCommandExecutor.java:158)
	at io.appium.java_client.remote.AppiumCommandExecutor.execute(AppiumCommandExecutor.java:239)
	at org.openqa.selenium.remote.RemoteWebDriver.execute(RemoteWebDriver.java:552)
	at io.appium.java_client.DefaultGenericMobileDriver.execute(DefaultGenericMobileDriver.java:42)
	at io.appium.java_client.AppiumDriver.execute(AppiumDriver.java:1)
	at io.appium.java_client.windows.WindowsDriver.execute(WindowsDriver.java:1)
	at org.openqa.selenium.remote.RemoteWebDriver.findElement(RemoteWebDriver.java:323)
	at io.appium.java_client.DefaultGenericMobileDriver.findElement(DefaultGenericMobileDriver.java:62)
	at io.appium.java_client.AppiumDriver.findElement(AppiumDriver.java:1)
	at io.appium.java_client.windows.WindowsDriver.findElement(WindowsDriver.java:1)
	at org.openqa.selenium.remote.RemoteWebDriver.findElementByXPath(RemoteWebDriver.java:428)
	at io.appium.java_client.DefaultGenericMobileDriver.findElementByXPath(DefaultGenericMobileDriver.java:152)
	at io.appium.java_client.AppiumDriver.findElementByXPath(AppiumDriver.java:1)
	at io.appium.java_client.windows.WindowsDriver.findElementByXPath(WindowsDriver.java:1)
	at com.kms.katalon.core.windows.keyword.helper.WindowsActionHelper$1.apply(WindowsActionHelper.java:136)
	at com.kms.katalon.core.windows.keyword.helper.WindowsActionHelper$1.apply(WindowsActionHelper.java:1)
	at org.openqa.selenium.support.ui.FluentWait.until(FluentWait.java:249)
	... 29 more]]></system-err>
   </testsuite>
   <testsuite name="Recordspy_web" tests="2" failures="0" errors="0" time="633.607" skipped="0" timestamp="2022-09-01 12:41:53" hostname="upadh - 192.168.1.38" id="Test Suites/Web_testsuite/Recordspy_web">
      <properties>
         <property name="deviceName" value=""/>
         <property name="devicePlatform" value=""/>
         <property name="logFolder" value="C:\\Users\\upadh\\Katalon Studio\\Katalonframework\\Reports\\20220901_123951\\Web_testsuite\\Recordspy_web\\20220901_124043"/>
         <property name="logFiles" value="C:\\Users\\upadh\\Katalon Studio\\Katalonframework\\Reports\\20220901_123951\\Web_testsuite\\Recordspy_web\\20220901_124043\\execution0.log"/>
         <property name="attachments" value=""/>
         <property name="hostName" value="upadh - 192.168.1.38"/>
         <property name="os" value="Windows 10 64bit"/>
         <property name="katalonVersion" value="8.4.1.208"/>
         <property name="browser" value="Chrome 104.0.5112.102"/>
         <property name="hostAddress" value="192.168.1.38"/>
         <property name="sessionId" value="ceff9dc9839407ba62dea62328cb5cac"/>
         <property name="seleniumVersion" value="3.141.59"/>
         <property name="proxyInformation" value="ProxyInformation { proxyOption=NO_PROXY, proxyServerType=HTTP, username=, password=********, proxyServerAddress=, proxyServerPort=0, executionList=&quot;&quot;, isApplyToDesiredCapabilities=true }"/>
         <property name="platform" value="Windows 10"/>
      </properties>
      <testcase name="Test Cases/Demo_recordweb/Recordweb_testcase" time="345.578" classname="Test Cases/Demo_recordweb/Recordweb_testcase" status="PASSED">
         <system-out><![CDATA[2022-09-01 12:41:56 - [TEST_CASE][PASSED] - Test Cases/Demo_recordweb/Recordweb_testcase: Test Cases/Demo_recordweb/Recordweb_testcase

2022-09-01 12:42:04 - [TEST_STEP][PASSED] - openBrowser(""): Browser is opened with url: ''

2022-09-01 12:42:06 - [MESSAGE][INFO] - Starting 'Chrome' driver

2022-09-01 12:42:06 - [MESSAGE][INFO] - Action delay is set to 0 milliseconds

2022-09-01 12:42:36 - [MESSAGE][PASSED] - Browser is opened with url: ''

2022-09-01 12:42:36 - [TEST_STEP][PASSED] - navigateToUrl(Url): Navigate to 'https://katalon-demo-cura.herokuapp.com/' successfully

2022-09-01 12:42:50 - [MESSAGE][PASSED] - Navigate to 'https://katalon-demo-cura.herokuapp.com/' successfully

2022-09-01 12:42:50 - [TEST_STEP][PASSED] - click(findTestObject("Object Repository/Demo_recordweb/Page_CURA Healthcare Service/h3_We Care About Your Health")): Object: 'Object Repository/Demo_recordweb/Page_CURA Healthcare Service/h3_We Care About Your Health' is clicked on

2022-09-01 12:43:14 - [MESSAGE][PASSED] - Object: 'Object Repository/Demo_recordweb/Page_CURA Healthcare Service/h3_We Care About Your Health' is clicked on

2022-09-01 12:43:15 - [TEST_STEP][PASSED] - click(findTestObject("Object Repository/Demo_recordweb/Page_CURA Healthcare Service/a_Make Appointment")): Object: 'Object Repository/Demo_recordweb/Page_CURA Healthcare Service/a_Make Appointment' is clicked on

2022-09-01 12:43:44 - [MESSAGE][PASSED] - Object: 'Object Repository/Demo_recordweb/Page_CURA Healthcare Service/a_Make Appointment' is clicked on

2022-09-01 12:43:44 - [TEST_STEP][PASSED] - setText(findTestObject("Object Repository/Demo_recordweb/Page_CURA Healthcare Service/input_Username_username"), Username): Text 'John Doe' is set on object 'Object Repository/Demo_recordweb/Page_CURA Healthcare Service/input_Username_username'

2022-09-01 12:44:03 - [MESSAGE][PASSED] - Text 'John Doe' is set on object 'Object Repository/Demo_recordweb/Page_CURA Healthcare Service/input_Username_username'

2022-09-01 12:44:03 - [TEST_STEP][PASSED] - click(findTestObject("Object Repository/Demo_recordweb/Page_CURA Healthcare Service/input_Demo account_form-control")): Object: 'Object Repository/Demo_recordweb/Page_CURA Healthcare Service/input_Demo account_form-control' is clicked on

2022-09-01 12:44:08 - [MESSAGE][PASSED] - Object: 'Object Repository/Demo_recordweb/Page_CURA Healthcare Service/input_Demo account_form-control' is clicked on

2022-09-01 12:44:08 - [TEST_STEP][PASSED] - setText(findTestObject("Object Repository/Demo_recordweb/Page_CURA Healthcare Service/input_Password_password"), Password): Text 'ThisIsNotAPassword' is set on object 'Object Repository/Demo_recordweb/Page_CURA Healthcare Service/input_Password_password'

2022-09-01 12:44:15 - [MESSAGE][PASSED] - Text 'ThisIsNotAPassword' is set on object 'Object Repository/Demo_recordweb/Page_CURA Healthcare Service/input_Password_password'

2022-09-01 12:44:15 - [TEST_STEP][PASSED] - click(findTestObject("Object Repository/Demo_recordweb/Page_CURA Healthcare Service/button_Login")): Object: 'Object Repository/Demo_recordweb/Page_CURA Healthcare Service/button_Login' is clicked on

2022-09-01 12:44:46 - [MESSAGE][PASSED] - Object: 'Object Repository/Demo_recordweb/Page_CURA Healthcare Service/button_Login' is clicked on

2022-09-01 12:44:47 - [TEST_STEP][PASSED] - selectOptionByValue(findTestObject("Object Repository/Demo_recordweb/Page_CURA Healthcare Service/select_Tokyo CURA Healthcare Center        _5b4107"), "Hongkong CURA Healthcare Center", true): All options with value 'Hongkong CURA Healthcare Center' are selected in object 'Object Repository/Demo_recordweb/Page_CURA Healthcare Service/select_Tokyo CURA Healthcare Center        _5b4107'  using regular expression

2022-09-01 12:45:05 - [MESSAGE][PASSED] - All options with value 'Hongkong CURA Healthcare Center' are selected in object 'Object Repository/Demo_recordweb/Page_CURA Healthcare Service/select_Tokyo CURA Healthcare Center        _5b4107'  using regular expression

2022-09-01 12:45:05 - [TEST_STEP][PASSED] - click(findTestObject("Object Repository/Demo_recordweb/Page_CURA Healthcare Service/label_Apply for hospital readmission")): Object: 'Object Repository/Demo_recordweb/Page_CURA Healthcare Service/label_Apply for hospital readmission' is clicked on

2022-09-01 12:45:16 - [MESSAGE][PASSED] - Object: 'Object Repository/Demo_recordweb/Page_CURA Healthcare Service/label_Apply for hospital readmission' is clicked on

2022-09-01 12:45:17 - [TEST_STEP][PASSED] - click(findTestObject("Object Repository/Demo_recordweb/Page_CURA Healthcare Service/input_Medicaid_programs")): Object: 'Object Repository/Demo_recordweb/Page_CURA Healthcare Service/input_Medicaid_programs' is clicked on

2022-09-01 12:45:22 - [MESSAGE][PASSED] - Object: 'Object Repository/Demo_recordweb/Page_CURA Healthcare Service/input_Medicaid_programs' is clicked on

2022-09-01 12:45:22 - [TEST_STEP][PASSED] - click(findTestObject("Object Repository/Demo_recordweb/Page_CURA Healthcare Service/span_Visit Date (Required)_glyphicon glyphi_cada34")): Object: 'Object Repository/Demo_recordweb/Page_CURA Healthcare Service/span_Visit Date (Required)_glyphicon glyphi_cada34' is clicked on

2022-09-01 12:45:46 - [MESSAGE][PASSED] - Object: 'Object Repository/Demo_recordweb/Page_CURA Healthcare Service/span_Visit Date (Required)_glyphicon glyphi_cada34' is clicked on

2022-09-01 12:45:47 - [TEST_STEP][PASSED] - click(findTestObject("Object Repository/Demo_recordweb/Page_CURA Healthcare Service/td_10")): Object: 'Object Repository/Demo_recordweb/Page_CURA Healthcare Service/td_10' is clicked on

2022-09-01 12:46:07 - [MESSAGE][PASSED] - Object: 'Object Repository/Demo_recordweb/Page_CURA Healthcare Service/td_10' is clicked on

2022-09-01 12:46:08 - [TEST_STEP][PASSED] - setText(findTestObject("Object Repository/Demo_recordweb/Page_CURA Healthcare Service/textarea_Comment_comment"), Comment): Text 'Hello' is set on object 'Object Repository/Demo_recordweb/Page_CURA Healthcare Service/textarea_Comment_comment'

2022-09-01 12:46:19 - [MESSAGE][PASSED] - Text 'Hello' is set on object 'Object Repository/Demo_recordweb/Page_CURA Healthcare Service/textarea_Comment_comment'

2022-09-01 12:46:19 - [TEST_STEP][PASSED] - click(findTestObject("Object Repository/Demo_recordweb/Page_CURA Healthcare Service/button_Book Appointment")): Object: 'Object Repository/Demo_recordweb/Page_CURA Healthcare Service/button_Book Appointment' is clicked on

2022-09-01 12:47:20 - [MESSAGE][PASSED] - Object: 'Object Repository/Demo_recordweb/Page_CURA Healthcare Service/button_Book Appointment' is clicked on

2022-09-01 12:47:21 - [TEST_STEP][PASSED] - click(findTestObject("Object Repository/Demo_recordweb/Page_CURA Healthcare Service/a_Go to Homepage")): Object: 'Object Repository/Demo_recordweb/Page_CURA Healthcare Service/a_Go to Homepage' is clicked on

2022-09-01 12:47:41 - [MESSAGE][PASSED] - Object: 'Object Repository/Demo_recordweb/Page_CURA Healthcare Service/a_Go to Homepage' is clicked on]]></system-out>
         <system-err><![CDATA[]]></system-err>
      </testcase>
      <testcase name="Test Cases/Demo_spyweb/Spyweb_testcase" time="281.27" classname="Test Cases/Demo_spyweb/Spyweb_testcase" status="PASSED">
         <system-out><![CDATA[2022-09-01 12:47:46 - [TEST_CASE][PASSED] - Test Cases/Demo_spyweb/Spyweb_testcase: Test Cases/Demo_spyweb/Spyweb_testcase

2022-09-01 12:48:07 - [TEST_STEP][PASSED] - openBrowser(""): Browser is opened with url: ''

2022-09-01 12:48:08 - [MESSAGE][WARNING] - A browser is already opened. Closing browser and opening a new one

2022-09-01 12:49:30 - [MESSAGE][INFO] - Starting 'Chrome' driver

2022-09-01 12:49:31 - [MESSAGE][INFO] - Action delay is set to 0 milliseconds

2022-09-01 12:50:10 - [MESSAGE][PASSED] - Browser is opened with url: ''

2022-09-01 12:50:10 - [TEST_STEP][PASSED] - navigateToUrl(Url): Navigate to 'https://opensource-demo.orangehrmlive.com/web/index.php/auth/login' successfully

2022-09-01 12:50:34 - [MESSAGE][PASSED] - Navigate to 'https://opensource-demo.orangehrmlive.com/web/index.php/auth/login' successfully

2022-09-01 12:50:34 - [TEST_STEP][PASSED] - setText(findTestObject("Demo_spyweb/Page_OrangeHRM/input_Username_username"), Username): Text 'Admin' is set on object 'Object Repository/Demo_spyweb/Page_OrangeHRM/input_Username_username'

2022-09-01 12:50:41 - [MESSAGE][PASSED] - Text 'Admin' is set on object 'Object Repository/Demo_spyweb/Page_OrangeHRM/input_Username_username'

2022-09-01 12:50:42 - [TEST_STEP][PASSED] - setText(findTestObject("Demo_spyweb/Page_OrangeHRM/input_Password_password"), Password): Text 'admin123' is set on object 'Object Repository/Demo_spyweb/Page_OrangeHRM/input_Password_password'

2022-09-01 12:50:47 - [MESSAGE][PASSED] - Text 'admin123' is set on object 'Object Repository/Demo_spyweb/Page_OrangeHRM/input_Password_password'

2022-09-01 12:50:47 - [TEST_STEP][PASSED] - click(findTestObject("Demo_spyweb/Page_OrangeHRM/button_Login")): Object: 'Object Repository/Demo_spyweb/Page_OrangeHRM/button_Login' is clicked on

2022-09-01 12:50:50 - [MESSAGE][PASSED] - Object: 'Object Repository/Demo_spyweb/Page_OrangeHRM/button_Login' is clicked on

2022-09-01 12:50:50 - [TEST_STEP][PASSED] - click(findTestObject("Demo_spyweb/Page_OrangeHRM/a_Logout")): Object: 'Object Repository/Demo_spyweb/Page_OrangeHRM/a_Logout' is clicked on

2022-09-01 12:51:34 - [MESSAGE][INFO] - Unable to find the element located by 'By.xpath: //div[@id='app']/div/div/header/div/div[2]/ul/li/ul/li[4]/a'. Please recheck the objects properties to make sure the desired element is located. 

2022-09-01 12:51:34 - [MESSAGE][WARNING] - [SELF-HEALING] Failed to find element with id 'Object Repository/Demo_spyweb/Page_OrangeHRM/a_Logout'. Try using Self-healing.

2022-09-01 12:51:35 - [MESSAGE][WARNING] - [SELF-HEALING] The current locator of test object 'Object Repository/Demo_spyweb/Page_OrangeHRM/a_Logout' was broken. Propose an alternative one: '(.//*[normalize-space(text()) and normalize-space(.)='Configuration'])[1]/preceding::a[1]'.

2022-09-01 12:52:03 - [MESSAGE][PASSED] - Object: 'Object Repository/Demo_spyweb/Page_OrangeHRM/a_Logout' is clicked on

2022-09-01 12:52:04 - [TEST_STEP][PASSED] - closeBrowser(): Browser is closed

2022-09-01 12:52:26 - [MESSAGE][PASSED] - Browser is closed]]></system-out>
         <system-err><![CDATA[]]></system-err>
      </testcase>
      <system-out><![CDATA[2022-09-01 12:41:53 - [TEST_SUITE][PASSED] - Recordspy_web: Test Cases/Demo_spyweb/Spyweb_testcase]]></system-out>
      <system-err><![CDATA[]]></system-err>
   </testsuite>
</testsuites>
